<?xml version="1.0" encoding="UTF-8"?>
<testsuite name="SteganographyTest" tests="1" skipped="0" failures="0" errors="0" timestamp="2021-12-05T04:54:42" hostname="DESKTOP-3O6MNUQ" time="0.479">
  <properties/>
  <testcase name="start" classname="SteganographyTest" time="0.479"/>
  <system-out><![CDATA[?[1;31m
Start test 1?[0m
Task (hide, show, exit):
> hide
Input image file:
> test/testimage.png
Output image file:
> test/out.png
Input Image: test/testimage.png
Output Image: test/out.png
Image test/out.png.png is saved
Task (hide, show, exit):
> exit
Bye!
?[1;31m
Start test 2?[0m
Task (hide, show, exit):
> hide
Input image file:
> test/notexist.png
Output image file:
> test/out.png
Input Image: test/notexist.png
Output Image: test/out.png
Can't read input file!
Task (hide, show, exit):
> exit
Bye!
]]></system-out>
  <system-err><![CDATA[]]></system-err>
</testsuite>
